<?xml version="1.0" encoding="UTF-8" ?>
<testsuite failures="0" time="0.127" errors="0" skipped="0" tests="5" name="uk.ac.manchester.cs.spanoude.semanticprovenance.TestGraphOperationFactory">
  <properties>
[...]
</properties>
  <testcase time="0.012" classname="uk.ac.manchester.cs.spanoude.semanticprovenance.TestGraphOperationFactory" name="TestAddGraphClassCreation"/>
  <testcase time="0.084" classname="uk.ac.manchester.cs.spanoude.semanticprovenance.TestGraphOperationFactory" name="TestAppendGraphClassCreation"/>
  <testcase time="0.004" classname="uk.ac.manchester.cs.spanoude.semanticprovenance.TestGraphOperationFactory" name="TestDeleteGraphClassCreation"/>
  <testcase time="0.014" classname="uk.ac.manchester.cs.spanoude.semanticprovenance.TestGraphOperationFactory" name="TestQueryClassCreation"/>
  <testcase time="0.002" classname="uk.ac.manchester.cs.spanoude.semanticprovenance.TestGraphOperationFactory" name="testHashMapInfo"/>
</testsuite>